2024-11-07 15:46:42,400 - INFO - Processing file: /home/pandatd/Documents/ramsukh(1)/public_html/DeluxeRooms-Suites-GardenviewSuite.html
2024-11-07 15:46:42,408 - INFO - No matching images for alt text update in DeluxeRooms-Suites-GardenviewSuite.html
2024-11-07 15:46:42,409 - INFO - Processing file: /home/pandatd/Documents/ramsukh(1)/public_html/LuxuxySolitaireSuites-TheCullinan.html
2024-11-07 15:46:42,409 - INFO - No matching images for alt text update in LuxuxySolitaireSuites-TheCullinan.html
2024-11-07 15:46:42,409 - INFO - Processing file: /home/pandatd/Documents/ramsukh(1)/public_html/HeritageRooms-Suites-HeritagePremium-7and8.html
2024-11-07 15:46:42,410 - INFO - No matching images for alt text update in HeritageRooms-Suites-HeritagePremium-7and8.html
2024-11-07 15:46:42,410 - INFO - Processing file: /home/pandatd/Documents/ramsukh(1)/public_html/LuxuxySolitaireSuites-TheFlorentine.html
2024-11-07 15:46:42,410 - INFO - No matching images for alt text update in LuxuxySolitaireSuites-TheFlorentine.html
2024-11-07 15:46:42,410 - INFO - Processing file: /home/pandatd/Documents/ramsukh(1)/public_html/Conference.html
2024-11-07 15:46:42,411 - INFO - No matching images for alt text update in Conference.html
2024-11-07 15:46:42,411 - INFO - Processing file: /home/pandatd/Documents/ramsukh(1)/public_html/tow-bed-suite-&-compact-tow-bed-suite1.html
2024-11-07 15:46:42,411 - INFO - No matching images for alt text update in tow-bed-suite-&-compact-tow-bed-suite1.html
2024-11-07 15:46:42,411 - INFO - Processing file: /home/pandatd/Documents/ramsukh(1)/public_html/destination_wedding.html
2024-11-07 15:46:42,411 - INFO - No matching images for alt text update in destination_wedding.html
2024-11-07 15:46:42,412 - INFO - Processing file: /home/pandatd/Documents/ramsukh(1)/public_html/index.html
2024-11-07 15:46:42,414 - INFO - No matching images for alt text update in index.html
2024-11-07 15:46:42,414 - INFO - Processing file: /home/pandatd/Documents/ramsukh(1)/public_html/newindex.html
2024-11-07 15:46:42,418 - INFO - No matching images for alt text update in newindex.html
2024-11-07 15:46:42,418 - INFO - Processing file: /home/pandatd/Documents/ramsukh(1)/public_html/Accommodations.html
2024-11-07 15:46:42,419 - INFO - No matching images for alt text update in Accommodations.html
2024-11-07 15:46:42,419 - INFO - Processing file: /home/pandatd/Documents/ramsukh(1)/public_html/wellness_express.html
2024-11-07 15:46:42,420 - INFO - No matching images for alt text update in wellness_express.html
2024-11-07 15:46:42,420 - INFO - Processing file: /home/pandatd/Documents/ramsukh(1)/public_html/LuxuryBungalows-Advait.html
2024-11-07 15:46:42,420 - INFO - No matching images for alt text update in LuxuryBungalows-Advait.html
2024-11-07 15:46:42,420 - INFO - Processing file: /home/pandatd/Documents/ramsukh(1)/public_html/DeluxeRooms-Suites-ForestDeluxe.html
2024-11-07 15:46:42,420 - INFO - No matching images for alt text update in DeluxeRooms-Suites-ForestDeluxe.html
2024-11-07 15:46:42,420 - INFO - Processing file: /home/pandatd/Documents/ramsukh(1)/public_html/DeluxeRooms-Suites-ValleySuite.html
2024-11-07 15:46:42,421 - INFO - No matching images for alt text update in DeluxeRooms-Suites-ValleySuite.html
2024-11-07 15:46:42,421 - INFO - Processing file: /home/pandatd/Documents/ramsukh(1)/public_html/HeritageRooms-Suites-HeritageSuite-4.html
2024-11-07 15:46:42,421 - INFO - No matching images for alt text update in HeritageRooms-Suites-HeritageSuite-4.html
2024-11-07 15:46:42,421 - INFO - Processing file: /home/pandatd/Documents/ramsukh(1)/public_html/sitemap.html
2024-11-07 15:46:42,421 - INFO - No matching images for alt text update in sitemap.html
2024-11-07 15:46:42,421 - INFO - Processing file: /home/pandatd/Documents/ramsukh(1)/public_html/DeluxeRooms-Suites-TwobedandcompTwobedSuite.html
2024-11-07 15:46:42,421 - INFO - No matching images for alt text update in DeluxeRooms-Suites-TwobedandcompTwobedSuite.html
2024-11-07 15:46:42,421 - INFO - Processing file: /home/pandatd/Documents/ramsukh(1)/public_html/LuxuxySolitaireSuites-TheTiffany.html
2024-11-07 15:46:42,421 - INFO - No matching images for alt text update in LuxuxySolitaireSuites-TheTiffany.html
2024-11-07 15:46:42,422 - INFO - Processing file: /home/pandatd/Documents/ramsukh(1)/public_html/DeluxeRooms-Suites-ForestPremium.html
2024-11-07 15:46:42,422 - INFO - No matching images for alt text update in DeluxeRooms-Suites-ForestPremium.html
2024-11-07 15:46:42,422 - INFO - Processing file: /home/pandatd/Documents/ramsukh(1)/public_html/HeritageRooms-Suites-HeritageSuite-5and6.html
2024-11-07 15:46:42,422 - INFO - No matching images for alt text update in HeritageRooms-Suites-HeritageSuite-5and6.html
2024-11-07 15:46:42,422 - INFO - Processing file: /home/pandatd/Documents/ramsukh(1)/public_html/DeluxeRooms-Suites-FamilySuite.html
2024-11-07 15:46:42,422 - INFO - No matching images for alt text update in DeluxeRooms-Suites-FamilySuite.html
2024-11-07 15:46:42,422 - INFO - Processing file: /home/pandatd/Documents/ramsukh(1)/public_html/HeritageRooms-Suites-HeritageSuite-9and10.html
2024-11-07 15:46:42,422 - INFO - No matching images for alt text update in HeritageRooms-Suites-HeritageSuite-9and10.html
2024-11-07 15:46:42,422 - INFO - Processing file: /home/pandatd/Documents/ramsukh(1)/public_html/HeritageRooms-Suites-Heritage-1.html
2024-11-07 15:46:42,423 - INFO - No matching images for alt text update in HeritageRooms-Suites-Heritage-1.html
2024-11-07 15:46:42,423 - INFO - Processing file: /home/pandatd/Documents/ramsukh(1)/public_html/terms-&-conditions1.html
2024-11-07 15:46:42,423 - INFO - No matching images for alt text update in terms-&-conditions1.html
2024-11-07 15:46:42,423 - INFO - Processing file: /home/pandatd/Documents/ramsukh(1)/public_html/LuxuxySolitaireSuites-TheEarthandStar.html
2024-11-07 15:46:42,423 - INFO - No matching images for alt text update in LuxuxySolitaireSuites-TheEarthandStar.html
2024-11-07 15:46:42,423 - INFO - Processing file: /home/pandatd/Documents/ramsukh(1)/public_html/PremiumRooms-Suites-ThePremiumHut.html
2024-11-07 15:46:42,423 - INFO - No matching images for alt text update in PremiumRooms-Suites-ThePremiumHut.html
2024-11-07 15:46:42,423 - INFO - Processing file: /home/pandatd/Documents/ramsukh(1)/public_html/PremiumRooms-Suites-MaharajaSuite.html
2024-11-07 15:46:42,424 - INFO - No matching images for alt text update in PremiumRooms-Suites-MaharajaSuite.html
2024-11-07 15:46:42,424 - INFO - Processing file: /home/pandatd/Documents/ramsukh(1)/public_html/LuxuryBungalows-Nandati.html
2024-11-07 15:46:42,424 - INFO - No matching images for alt text update in LuxuryBungalows-Nandati.html
2024-11-07 15:46:42,424 - INFO - Processing file: /home/pandatd/Documents/ramsukh(1)/public_html/google626c6497cd9b1a1d.html
2024-11-07 15:46:42,424 - INFO - No matching images for alt text update in google626c6497cd9b1a1d.html
2024-11-07 15:46:42,424 - INFO - Processing file: /home/pandatd/Documents/ramsukh(1)/public_html/LuxuxySolitaireSuites-TheBlueHeart.html
2024-11-07 15:46:42,424 - INFO - No matching images for alt text update in LuxuxySolitaireSuites-TheBlueHeart.html
2024-11-07 15:46:42,424 - INFO - Processing file: /home/pandatd/Documents/ramsukh(1)/public_html/confercen.html
2024-11-07 15:46:42,425 - INFO - No matching images for alt text update in confercen.html
2024-11-07 15:46:42,425 - INFO - Processing file: /home/pandatd/Documents/ramsukh(1)/public_html/HeritageRooms-Suites-HeritagePremium-2and3.html
2024-11-07 15:46:42,425 - INFO - No matching images for alt text update in HeritageRooms-Suites-HeritagePremium-2and3.html
2024-11-07 15:46:42,425 - INFO - Processing file: /home/pandatd/Documents/ramsukh(1)/public_html/PremiumRooms-Suites-IxoraSuite.html
2024-11-07 15:46:42,426 - INFO - No matching images for alt text update in PremiumRooms-Suites-IxoraSuite.html
2024-11-07 15:46:42,426 - INFO - Processing file: /home/pandatd/Documents/ramsukh(1)/public_html/photo.html
2024-11-07 15:46:42,427 - INFO - No matching images for alt text update in photo.html
2024-11-07 15:46:42,427 - INFO - Processing file: /home/pandatd/Documents/ramsukh(1)/public_html/PremiumRooms-Suites-TheHut.html
2024-11-07 15:46:42,427 - INFO - No matching images for alt text update in PremiumRooms-Suites-TheHut.html
2024-11-07 15:46:42,427 - INFO - Processing file: /home/pandatd/Documents/ramsukh(1)/public_html/DeluxeRooms-Suites-GardenviewDeluxe.html
2024-11-07 15:46:42,427 - INFO - No matching images for alt text update in DeluxeRooms-Suites-GardenviewDeluxe.html
