2024-11-07 18:01:38,772 - INFO - Starting CSS minification process.
2024-11-07 18:01:38,772 - INFO - Minifying file: /home/pandatd/Documents/ramsukh(1)/public_html/assets/css/global.css
2024-11-07 18:01:38,786 - INFO - Minified successfully: /home/pandatd/Documents/ramsukh(1)/public_html/assets/css/global.css
2024-11-07 18:01:38,786 - INFO - Minifying file: /home/pandatd/Documents/ramsukh(1)/public_html/assets/css/style.css
2024-11-07 18:01:38,811 - INFO - Minified successfully: /home/pandatd/Documents/ramsukh(1)/public_html/assets/css/style.css
2024-11-07 18:01:38,811 - INFO - Minifying file: /home/pandatd/Documents/ramsukh(1)/public_html/assets/css/plugins.css
2024-11-07 18:01:38,812 - INFO - Minified successfully: /home/pandatd/Documents/ramsukh(1)/public_html/assets/css/plugins.css
2024-11-07 18:01:38,813 - INFO - Minifying file: /home/pandatd/Documents/ramsukh(1)/public_html/resavenue-booking-cal/css/intigration-res-cal.css
2024-11-07 18:01:38,813 - INFO - Minified successfully: /home/pandatd/Documents/ramsukh(1)/public_html/resavenue-booking-cal/css/intigration-res-cal.css
2024-11-07 18:01:38,813 - INFO - Minifying file: /home/pandatd/Documents/ramsukh(1)/public_html/resavenue-booking-cal/css/resavenue-booking-datepicker.css
2024-11-07 18:01:38,814 - INFO - Minified successfully: /home/pandatd/Documents/ramsukh(1)/public_html/resavenue-booking-cal/css/resavenue-booking-datepicker.css
2024-11-07 18:01:38,814 - INFO - Minifying file: /home/pandatd/Documents/ramsukh(1)/public_html/resavenue-booking-cal/css/resavenue-booking.css
2024-11-07 18:01:38,815 - INFO - Minified successfully: /home/pandatd/Documents/ramsukh(1)/public_html/resavenue-booking-cal/css/resavenue-booking.css
2024-11-07 18:01:38,815 - INFO - Minifying file: /home/pandatd/Documents/ramsukh(1)/public_html/resavenue-booking-cal/css/resavenue-booking-theme.css
2024-11-07 18:01:38,815 - INFO - Minified successfully: /home/pandatd/Documents/ramsukh(1)/public_html/resavenue-booking-cal/css/resavenue-booking-theme.css
2024-11-07 18:01:38,816 - INFO - Minifying file: /home/pandatd/Documents/ramsukh(1)/public_html/css/style.css
2024-11-07 18:01:38,880 - INFO - Minified successfully: /home/pandatd/Documents/ramsukh(1)/public_html/css/style.css
2024-11-07 18:01:38,880 - INFO - Minifying file: /home/pandatd/Documents/ramsukh(1)/public_html/css/css/clientlib.css
2024-11-07 18:01:38,881 - INFO - Minified successfully: /home/pandatd/Documents/ramsukh(1)/public_html/css/css/clientlib.css
2024-11-07 18:01:38,881 - INFO - Minifying file: /home/pandatd/Documents/ramsukh(1)/public_html/css/css/style11.css
2024-11-07 18:01:38,927 - INFO - Minified successfully: /home/pandatd/Documents/ramsukh(1)/public_html/css/css/style11.css
2024-11-07 18:01:38,927 - INFO - Minifying file: /home/pandatd/Documents/ramsukh(1)/public_html/css/css/style7.css
2024-11-07 18:01:38,937 - INFO - Minified successfully: /home/pandatd/Documents/ramsukh(1)/public_html/css/css/style7.css
2024-11-07 18:01:38,937 - INFO - Minifying file: /home/pandatd/Documents/ramsukh(1)/public_html/css/css/style9.css
2024-11-07 18:01:38,976 - INFO - Minified successfully: /home/pandatd/Documents/ramsukh(1)/public_html/css/css/style9.css
2024-11-07 18:01:38,976 - INFO - Minifying file: /home/pandatd/Documents/ramsukh(1)/public_html/css/css/style8.css
2024-11-07 18:01:38,978 - INFO - Minified successfully: /home/pandatd/Documents/ramsukh(1)/public_html/css/css/style8.css
2024-11-07 18:01:38,978 - INFO - Minifying file: /home/pandatd/Documents/ramsukh(1)/public_html/css/css/style6.css
2024-11-07 18:01:38,983 - INFO - Minified successfully: /home/pandatd/Documents/ramsukh(1)/public_html/css/css/style6.css
2024-11-07 18:01:38,983 - INFO - Minifying file: /home/pandatd/Documents/ramsukh(1)/public_html/css/css/clientlibs.css
2024-11-07 18:01:39,121 - INFO - Minified successfully: /home/pandatd/Documents/ramsukh(1)/public_html/css/css/clientlibs.css
2024-11-07 18:01:39,121 - INFO - Minifying file: /home/pandatd/Documents/ramsukh(1)/public_html/css/css/style3.css
2024-11-07 18:01:39,122 - INFO - Minified successfully: /home/pandatd/Documents/ramsukh(1)/public_html/css/css/style3.css
2024-11-07 18:01:39,122 - INFO - Minifying file: /home/pandatd/Documents/ramsukh(1)/public_html/css/css/style.css
2024-11-07 18:01:39,192 - INFO - Minified successfully: /home/pandatd/Documents/ramsukh(1)/public_html/css/css/style.css
2024-11-07 18:01:39,192 - INFO - Minifying file: /home/pandatd/Documents/ramsukh(1)/public_html/css/css/style4.css
2024-11-07 18:01:39,193 - INFO - Minified successfully: /home/pandatd/Documents/ramsukh(1)/public_html/css/css/style4.css
2024-11-07 18:01:39,193 - INFO - Minifying file: /home/pandatd/Documents/ramsukh(1)/public_html/css/css/style5.css
2024-11-07 18:01:39,194 - INFO - Minified successfully: /home/pandatd/Documents/ramsukh(1)/public_html/css/css/style5.css
2024-11-07 18:01:39,194 - INFO - Minifying file: /home/pandatd/Documents/ramsukh(1)/public_html/css/css/style10.css
2024-11-07 18:01:39,404 - INFO - Minified successfully: /home/pandatd/Documents/ramsukh(1)/public_html/css/css/style10.css
2024-11-07 18:01:39,404 - INFO - Minifying file: /home/pandatd/Documents/ramsukh(1)/public_html/css/css/style2.css
2024-11-07 18:01:39,521 - INFO - Minified successfully: /home/pandatd/Documents/ramsukh(1)/public_html/css/css/style2.css
2024-11-07 18:01:39,524 - INFO - CSS minification process completed.
